2021-09-18 20:47:18.235  INFO 19444 --- [main] c.s.m.MovieBookingSystemApplication      : Starting MovieBookingSystemApplication using Java 1.8.0_302 on Sunny-Laptop with PID 19444 (C:\Users\91898\Downloads\movieBookingSystem\movieBookingSystem\target\classes started by 91898 in C:\Users\91898\Downloads\movieBookingSystem\movieBookingSystem)
2021-09-18 20:47:18.244  INFO 19444 --- [main] c.s.m.MovieBookingSystemApplication      : No active profile set, falling back to default profiles: default
2021-09-18 20:47:19.122  INFO 19444 --- [main] .s.d.r.c.RepositoryConfigurationDelegate : Bootstrapping Spring Data JPA repositories in DEFAULT mode.
2021-09-18 20:47:19.218  INFO 19444 --- [main] .s.d.r.c.RepositoryConfigurationDelegate : Finished Spring Data repository scanning in 85 ms. Found 9 JPA repository interfaces.
2021-09-18 20:47:20.138  INFO 19444 --- [main] o.s.b.w.embedded.tomcat.TomcatWebServer  : Tomcat initialized with port(s): 8080 (http)
2021-09-18 20:47:20.150  INFO 19444 --- [main] o.apache.catalina.core.StandardService   : Starting service [Tomcat]
2021-09-18 20:47:20.150  INFO 19444 --- [main] org.apache.catalina.core.StandardEngine  : Starting Servlet engine: [Apache Tomcat/9.0.52]
2021-09-18 20:47:20.244  INFO 19444 --- [main] o.a.c.c.C.[.[localhost].[/mbs/v1]        : Initializing Spring embedded WebApplicationContext
2021-09-18 20:47:20.244  INFO 19444 --- [main] w.s.c.ServletWebServerApplicationContext : Root WebApplicationContext: initialization completed in 1919 ms
2021-09-18 20:47:20.285  INFO 19444 --- [main] com.zaxxer.hikari.HikariDataSource       : HikariPool-1 - Starting...
2021-09-18 20:47:20.593  INFO 19444 --- [main] com.zaxxer.hikari.HikariDataSource       : HikariPool-1 - Start completed.
2021-09-18 20:47:20.601  INFO 19444 --- [main] o.s.b.a.h2.H2ConsoleAutoConfiguration    : H2 console available at '/h2-console'. Database available at 'jdbc:h2:mem:mbsdb'
2021-09-18 20:47:20.839  INFO 19444 --- [main] o.hibernate.jpa.internal.util.LogHelper  : HHH000204: Processing PersistenceUnitInfo [name: default]
2021-09-18 20:47:20.931  INFO 19444 --- [main] org.hibernate.Version                    : HHH000412: Hibernate ORM core version 5.4.32.Final
2021-09-18 20:47:21.129  INFO 19444 --- [main] o.hibernate.annotations.common.Version   : HCANN000001: Hibernate Commons Annotations {5.1.2.Final}
2021-09-18 20:47:21.268  INFO 19444 --- [main] org.hibernate.dialect.Dialect            : HHH000400: Using dialect: org.hibernate.dialect.H2Dialect
2021-09-18 20:47:22.121  INFO 19444 --- [main] o.h.e.t.j.p.i.JtaPlatformInitiator       : HHH000490: Using JtaPlatform implementation: [org.hibernate.engine.transaction.jta.platform.internal.NoJtaPlatform]
2021-09-18 20:47:22.130  INFO 19444 --- [main] j.LocalContainerEntityManagerFactoryBean : Initialized JPA EntityManagerFactory for persistence unit 'default'
2021-09-18 20:47:22.827  WARN 19444 --- [main] JpaBaseConfiguration$JpaWebConfiguration : spring.jpa.open-in-view is enabled by default. Therefore, database queries may be performed during view rendering. Explicitly configure spring.jpa.open-in-view to disable this warning
2021-09-18 20:47:23.531  INFO 19444 --- [main] o.s.s.web.DefaultSecurityFilterChain     : Will secure any request with [org.springframework.security.web.context.request.async.WebAsyncManagerIntegrationFilter@3f45dfec, org.springframework.security.web.context.SecurityContextPersistenceFilter@5b0e9e0c, org.springframework.security.web.header.HeaderWriterFilter@2e7a9db7, org.springframework.security.web.csrf.CsrfFilter@67c0c90b, org.springframework.security.web.authentication.logout.LogoutFilter@241d1052, org.springframework.security.web.authentication.UsernamePasswordAuthenticationFilter@4a890fdd, org.springframework.security.web.authentication.ui.DefaultLoginPageGeneratingFilter@53525379, org.springframework.security.web.authentication.ui.DefaultLogoutPageGeneratingFilter@7c69e1e1, org.springframework.security.web.authentication.www.BasicAuthenticationFilter@5604b85, org.springframework.security.web.savedrequest.RequestCacheAwareFilter@21ea1d9d, org.springframework.security.web.servletapi.SecurityContextHolderAwareRequestFilter@3460e4ed, org.springframework.security.web.authentication.AnonymousAuthenticationFilter@7b52b18a, org.springframework.security.web.session.SessionManagementFilter@11cc9e1e, org.springframework.security.web.access.ExceptionTranslationFilter@7827d7b, org.springframework.security.web.access.intercept.FilterSecurityInterceptor@380fdcf2]
2021-09-18 20:47:23.613  INFO 19444 --- [main] o.s.b.w.embedded.tomcat.TomcatWebServer  : Tomcat started on port(s): 8080 (http) with context path '/mbs/v1'
2021-09-18 20:47:23.621  INFO 19444 --- [main] c.s.m.MovieBookingSystemApplication      : Started MovieBookingSystemApplication in 5.91 seconds (JVM running for 6.447)
2021-09-18 20:47:23.996  INFO 19444 --- [main] c.s.m.MovieBookingSystemApplication      : Writing for info
2021-09-18 20:47:24.000  WARN 19444 --- [main] c.s.m.MovieBookingSystemApplication      : Writing for warn
2021-09-18 20:47:24.000 ERROR 19444 --- [main] c.s.m.MovieBookingSystemApplication      : Writing for error
2021-09-18 20:47:31.035  INFO 19444 --- [http-nio-8080-exec-1] o.a.c.c.C.[.[localhost].[/mbs/v1]        : Initializing Spring DispatcherServlet 'dispatcherServlet'
2021-09-18 20:47:31.035  INFO 19444 --- [http-nio-8080-exec-1] o.s.web.servlet.DispatcherServlet        : Initializing Servlet 'dispatcherServlet'
2021-09-18 20:47:31.039  INFO 19444 --- [http-nio-8080-exec-1] o.s.web.servlet.DispatcherServlet        : Completed initialization in 0 ms
2021-09-18 22:02:42.431  WARN 19444 --- [HikariPool-1 housekeeper] com.zaxxer.hikari.pool.HikariPool        : HikariPool-1 - Thread starvation or clock leap detected (housekeeper delta=21m20s868ms952µs400ns).
2021-09-18 22:11:19.746  INFO 19444 --- [SpringApplicationShutdownHook] j.LocalContainerEntityManagerFactoryBean : Closing JPA EntityManagerFactory for persistence unit 'default'
2021-09-18 22:11:19.748  INFO 19444 --- [SpringApplicationShutdownHook] com.zaxxer.hikari.HikariDataSource       : HikariPool-1 - Shutdown initiated...
2021-09-18 22:11:19.750  INFO 19444 --- [SpringApplicationShutdownHook] com.zaxxer.hikari.HikariDataSource       : HikariPool-1 - Shutdown completed.
2021-09-18 22:11:25.071  INFO 15708 --- [main] c.s.m.MovieBookingSystemApplication      : Starting MovieBookingSystemApplication using Java 1.8.0_302 on Sunny-Laptop with PID 15708 (C:\Users\91898\Downloads\movieBookingSystem\movieBookingSystem\target\classes started by 91898 in C:\Users\91898\Downloads\movieBookingSystem\movieBookingSystem)
2021-09-18 22:11:25.075  INFO 15708 --- [main] c.s.m.MovieBookingSystemApplication      : No active profile set, falling back to default profiles: default
2021-09-18 22:11:25.687  INFO 15708 --- [main] .s.d.r.c.RepositoryConfigurationDelegate : Bootstrapping Spring Data JPA repositories in DEFAULT mode.
2021-09-18 22:11:25.763  INFO 15708 --- [main] .s.d.r.c.RepositoryConfigurationDelegate : Finished Spring Data repository scanning in 66 ms. Found 9 JPA repository interfaces.
2021-09-18 22:11:26.355  INFO 15708 --- [main] o.s.b.w.embedded.tomcat.TomcatWebServer  : Tomcat initialized with port(s): 8080 (http)
2021-09-18 22:11:26.364  INFO 15708 --- [main] o.apache.catalina.core.StandardService   : Starting service [Tomcat]
2021-09-18 22:11:26.364  INFO 15708 --- [main] org.apache.catalina.core.StandardEngine  : Starting Servlet engine: [Apache Tomcat/9.0.52]
2021-09-18 22:11:26.426  INFO 15708 --- [main] o.a.c.c.C.[.[localhost].[/mbs/v1]        : Initializing Spring embedded WebApplicationContext
2021-09-18 22:11:26.427  INFO 15708 --- [main] w.s.c.ServletWebServerApplicationContext : Root WebApplicationContext: initialization completed in 1311 ms
2021-09-18 22:11:26.459  INFO 15708 --- [main] com.zaxxer.hikari.HikariDataSource       : HikariPool-1 - Starting...
2021-09-18 22:11:26.641  INFO 15708 --- [main] com.zaxxer.hikari.HikariDataSource       : HikariPool-1 - Start completed.
2021-09-18 22:11:26.646  INFO 15708 --- [main] o.s.b.a.h2.H2ConsoleAutoConfiguration    : H2 console available at '/h2-console'. Database available at 'jdbc:h2:mem:mbsdb'
2021-09-18 22:11:26.795  INFO 15708 --- [main] o.hibernate.jpa.internal.util.LogHelper  : HHH000204: Processing PersistenceUnitInfo [name: default]
2021-09-18 22:11:26.840  INFO 15708 --- [main] org.hibernate.Version                    : HHH000412: Hibernate ORM core version 5.4.32.Final
2021-09-18 22:11:26.956  INFO 15708 --- [main] o.hibernate.annotations.common.Version   : HCANN000001: Hibernate Commons Annotations {5.1.2.Final}
2021-09-18 22:11:27.039  INFO 15708 --- [main] org.hibernate.dialect.Dialect            : HHH000400: Using dialect: org.hibernate.dialect.H2Dialect
2021-09-18 22:11:27.677  INFO 15708 --- [main] o.h.e.t.j.p.i.JtaPlatformInitiator       : HHH000490: Using JtaPlatform implementation: [org.hibernate.engine.transaction.jta.platform.internal.NoJtaPlatform]
2021-09-18 22:11:27.685  INFO 15708 --- [main] j.LocalContainerEntityManagerFactoryBean : Initialized JPA EntityManagerFactory for persistence unit 'default'
2021-09-18 22:11:28.261  WARN 15708 --- [main] JpaBaseConfiguration$JpaWebConfiguration : spring.jpa.open-in-view is enabled by default. Therefore, database queries may be performed during view rendering. Explicitly configure spring.jpa.open-in-view to disable this warning
2021-09-18 22:11:28.815  INFO 15708 --- [main] o.s.s.web.DefaultSecurityFilterChain     : Will secure any request with [org.springframework.security.web.context.request.async.WebAsyncManagerIntegrationFilter@8d810f2, org.springframework.security.web.context.SecurityContextPersistenceFilter@2b9d4b0, org.springframework.security.web.header.HeaderWriterFilter@35454c7a, org.springframework.security.web.csrf.CsrfFilter@6cd7f381, org.springframework.security.web.authentication.logout.LogoutFilter@2efcc0b3, org.springframework.security.web.authentication.UsernamePasswordAuthenticationFilter@75e4fe3c, org.springframework.security.web.authentication.ui.DefaultLoginPageGeneratingFilter@7827d7b, org.springframework.security.web.authentication.ui.DefaultLogoutPageGeneratingFilter@537b3be1, org.springframework.security.web.authentication.www.BasicAuthenticationFilter@380fdcf2, org.springframework.security.web.savedrequest.RequestCacheAwareFilter@2be50bba, org.springframework.security.web.servletapi.SecurityContextHolderAwareRequestFilter@5503c7d, org.springframework.security.web.authentication.AnonymousAuthenticationFilter@15d58530, org.springframework.security.web.session.SessionManagementFilter@319aa9ee, org.springframework.security.web.access.ExceptionTranslationFilter@67c0c90b, org.springframework.security.web.access.intercept.FilterSecurityInterceptor@17053b5]
2021-09-18 22:11:28.881  INFO 15708 --- [main] o.s.b.w.embedded.tomcat.TomcatWebServer  : Tomcat started on port(s): 8080 (http) with context path '/mbs/v1'
2021-09-18 22:11:28.889  INFO 15708 --- [main] c.s.m.MovieBookingSystemApplication      : Started MovieBookingSystemApplication in 4.185 seconds (JVM running for 4.557)
2021-09-18 22:11:29.186  INFO 15708 --- [main] c.s.m.MovieBookingSystemApplication      : Writing for info
2021-09-18 22:11:29.186  WARN 15708 --- [main] c.s.m.MovieBookingSystemApplication      : Writing for warn
2021-09-18 22:11:29.187 ERROR 15708 --- [main] c.s.m.MovieBookingSystemApplication      : Writing for error
2021-09-18 22:11:59.455  INFO 15708 --- [http-nio-8080-exec-1] o.a.c.c.C.[.[localhost].[/mbs/v1]        : Initializing Spring DispatcherServlet 'dispatcherServlet'
2021-09-18 22:11:59.455  INFO 15708 --- [http-nio-8080-exec-1] o.s.web.servlet.DispatcherServlet        : Initializing Servlet 'dispatcherServlet'
2021-09-18 22:11:59.457  INFO 15708 --- [http-nio-8080-exec-1] o.s.web.servlet.DispatcherServlet        : Completed initialization in 1 ms
2021-09-18 22:17:08.519  INFO 15708 --- [SpringApplicationShutdownHook] j.LocalContainerEntityManagerFactoryBean : Closing JPA EntityManagerFactory for persistence unit 'default'
2021-09-18 22:17:08.521  INFO 15708 --- [SpringApplicationShutdownHook] com.zaxxer.hikari.HikariDataSource       : HikariPool-1 - Shutdown initiated...
2021-09-18 22:17:08.522  INFO 15708 --- [SpringApplicationShutdownHook] com.zaxxer.hikari.HikariDataSource       : HikariPool-1 - Shutdown completed.
2021-09-18 22:17:12.682  INFO 9792 --- [main] c.s.m.MovieBookingSystemApplication      : Starting MovieBookingSystemApplication using Java 1.8.0_302 on Sunny-Laptop with PID 9792 (C:\Users\91898\Downloads\movieBookingSystem\movieBookingSystem\target\classes started by 91898 in C:\Users\91898\Downloads\movieBookingSystem\movieBookingSystem)
2021-09-18 22:17:12.685  INFO 9792 --- [main] c.s.m.MovieBookingSystemApplication      : No active profile set, falling back to default profiles: default
2021-09-18 22:17:13.313  INFO 9792 --- [main] .s.d.r.c.RepositoryConfigurationDelegate : Bootstrapping Spring Data JPA repositories in DEFAULT mode.
2021-09-18 22:17:13.390  INFO 9792 --- [main] .s.d.r.c.RepositoryConfigurationDelegate : Finished Spring Data repository scanning in 69 ms. Found 9 JPA repository interfaces.
2021-09-18 22:17:14.005  INFO 9792 --- [main] o.s.b.w.embedded.tomcat.TomcatWebServer  : Tomcat initialized with port(s): 8080 (http)
2021-09-18 22:17:14.014  INFO 9792 --- [main] o.apache.catalina.core.StandardService   : Starting service [Tomcat]
2021-09-18 22:17:14.014  INFO 9792 --- [main] org.apache.catalina.core.StandardEngine  : Starting Servlet engine: [Apache Tomcat/9.0.52]
2021-09-18 22:17:14.103  INFO 9792 --- [main] o.a.c.c.C.[.[localhost].[/mbs/v1]        : Initializing Spring embedded WebApplicationContext
2021-09-18 22:17:14.104  INFO 9792 --- [main] w.s.c.ServletWebServerApplicationContext : Root WebApplicationContext: initialization completed in 1370 ms
2021-09-18 22:17:14.129  INFO 9792 --- [main] com.zaxxer.hikari.HikariDataSource       : HikariPool-1 - Starting...
2021-09-18 22:17:14.315  INFO 9792 --- [main] com.zaxxer.hikari.HikariDataSource       : HikariPool-1 - Start completed.
2021-09-18 22:17:14.323  INFO 9792 --- [main] o.s.b.a.h2.H2ConsoleAutoConfiguration    : H2 console available at '/h2-console'. Database available at 'jdbc:h2:mem:mbsdb'
2021-09-18 22:17:14.491  INFO 9792 --- [main] o.hibernate.jpa.internal.util.LogHelper  : HHH000204: Processing PersistenceUnitInfo [name: default]
2021-09-18 22:17:14.541  INFO 9792 --- [main] org.hibernate.Version                    : HHH000412: Hibernate ORM core version 5.4.32.Final
2021-09-18 22:17:14.657  INFO 9792 --- [main] o.hibernate.annotations.common.Version   : HCANN000001: Hibernate Commons Annotations {5.1.2.Final}
2021-09-18 22:17:14.756  INFO 9792 --- [main] org.hibernate.dialect.Dialect            : HHH000400: Using dialect: org.hibernate.dialect.H2Dialect
2021-09-18 22:17:15.358  INFO 9792 --- [main] o.h.e.t.j.p.i.JtaPlatformInitiator       : HHH000490: Using JtaPlatform implementation: [org.hibernate.engine.transaction.jta.platform.internal.NoJtaPlatform]
2021-09-18 22:17:15.366  INFO 9792 --- [main] j.LocalContainerEntityManagerFactoryBean : Initialized JPA EntityManagerFactory for persistence unit 'default'
2021-09-18 22:17:15.998  WARN 9792 --- [main] JpaBaseConfiguration$JpaWebConfiguration : spring.jpa.open-in-view is enabled by default. Therefore, database queries may be performed during view rendering. Explicitly configure spring.jpa.open-in-view to disable this warning
2021-09-18 22:17:16.520  INFO 9792 --- [main] o.s.s.web.DefaultSecurityFilterChain     : Will secure any request with [org.springframework.security.web.context.request.async.WebAsyncManagerIntegrationFilter@7a730479, org.springframework.security.web.context.SecurityContextPersistenceFilter@3460e4ed, org.springframework.security.web.header.HeaderWriterFilter@19f497aa, org.springframework.security.web.csrf.CsrfFilter@4f541e67, org.springframework.security.web.authentication.logout.LogoutFilter@431babe6, org.springframework.security.web.authentication.UsernamePasswordAuthenticationFilter@47b4ac83, org.springframework.security.web.authentication.ui.DefaultLoginPageGeneratingFilter@2e3900dc, org.springframework.security.web.authentication.ui.DefaultLogoutPageGeneratingFilter@1e5b33e5, org.springframework.security.web.authentication.www.BasicAuthenticationFilter@39b85a73, org.springframework.security.web.savedrequest.RequestCacheAwareFilter@4a453f8d, org.springframework.security.web.servletapi.SecurityContextHolderAwareRequestFilter@2ceb68a1, org.springframework.security.web.authentication.AnonymousAuthenticationFilter@654b899f, org.springframework.security.web.session.SessionManagementFilter@78e387d6, org.springframework.security.web.access.ExceptionTranslationFilter@54234569, org.springframework.security.web.access.intercept.FilterSecurityInterceptor@734cf881]
2021-09-18 22:17:16.581  INFO 9792 --- [main] o.s.b.w.embedded.tomcat.TomcatWebServer  : Tomcat started on port(s): 8080 (http) with context path '/mbs/v1'
2021-09-18 22:17:16.590  INFO 9792 --- [main] c.s.m.MovieBookingSystemApplication      : Started MovieBookingSystemApplication in 4.324 seconds (JVM running for 4.682)
2021-09-18 22:17:16.872  INFO 9792 --- [main] c.s.m.MovieBookingSystemApplication      : Writing for info
2021-09-18 22:17:16.872  WARN 9792 --- [main] c.s.m.MovieBookingSystemApplication      : Writing for warn
2021-09-18 22:17:16.872 ERROR 9792 --- [main] c.s.m.MovieBookingSystemApplication      : Writing for error
2021-09-18 22:17:35.657  INFO 9792 --- [http-nio-8080-exec-1] o.a.c.c.C.[.[localhost].[/mbs/v1]        : Initializing Spring DispatcherServlet 'dispatcherServlet'
2021-09-18 22:17:35.657  INFO 9792 --- [http-nio-8080-exec-1] o.s.web.servlet.DispatcherServlet        : Initializing Servlet 'dispatcherServlet'
2021-09-18 22:17:35.659  INFO 9792 --- [http-nio-8080-exec-1] o.s.web.servlet.DispatcherServlet        : Completed initialization in 1 ms
2021-09-18 22:56:57.124  WARN 9792 --- [HikariPool-1 housekeeper] com.zaxxer.hikari.pool.HikariPool        : HikariPool-1 - Thread starvation or clock leap detected (housekeeper delta=18m12s356ms507µs900ns).
2021-09-18 23:39:44.977  WARN 9792 --- [HikariPool-1 housekeeper] com.zaxxer.hikari.pool.HikariPool        : HikariPool-1 - Thread starvation or clock leap detected (housekeeper delta=20m17s527ms224µs800ns).
2021-09-18 23:41:20.514  INFO 9792 --- [SpringApplicationShutdownHook] j.LocalContainerEntityManagerFactoryBean : Closing JPA EntityManagerFactory for persistence unit 'default'
2021-09-18 23:41:20.516  INFO 9792 --- [SpringApplicationShutdownHook] com.zaxxer.hikari.HikariDataSource       : HikariPool-1 - Shutdown initiated...
2021-09-18 23:41:20.520  INFO 9792 --- [SpringApplicationShutdownHook] com.zaxxer.hikari.HikariDataSource       : HikariPool-1 - Shutdown completed.
2021-09-18 23:41:24.208  INFO 15280 --- [main] c.s.m.MovieBookingSystemApplication      : Starting MovieBookingSystemApplication using Java 1.8.0_302 on Sunny-Laptop with PID 15280 (C:\Users\91898\Downloads\movieBookingSystem\movieBookingSystem\target\classes started by 91898 in C:\Users\91898\Downloads\movieBookingSystem\movieBookingSystem)
2021-09-18 23:41:24.211  INFO 15280 --- [main] c.s.m.MovieBookingSystemApplication      : No active profile set, falling back to default profiles: default
2021-09-18 23:41:24.816  INFO 15280 --- [main] .s.d.r.c.RepositoryConfigurationDelegate : Bootstrapping Spring Data JPA repositories in DEFAULT mode.
2021-09-18 23:41:24.889  INFO 15280 --- [main] .s.d.r.c.RepositoryConfigurationDelegate : Finished Spring Data repository scanning in 66 ms. Found 9 JPA repository interfaces.
2021-09-18 23:41:25.507  INFO 15280 --- [main] o.s.b.w.embedded.tomcat.TomcatWebServer  : Tomcat initialized with port(s): 8080 (http)
2021-09-18 23:41:25.516  INFO 15280 --- [main] o.apache.catalina.core.StandardService   : Starting service [Tomcat]
2021-09-18 23:41:25.516  INFO 15280 --- [main] org.apache.catalina.core.StandardEngine  : Starting Servlet engine: [Apache Tomcat/9.0.52]
2021-09-18 23:41:25.579  INFO 15280 --- [main] o.a.c.c.C.[.[localhost].[/mbs/v1]        : Initializing Spring embedded WebApplicationContext
2021-09-18 23:41:25.580  INFO 15280 --- [main] w.s.c.ServletWebServerApplicationContext : Root WebApplicationContext: initialization completed in 1323 ms
2021-09-18 23:41:25.604  INFO 15280 --- [main] com.zaxxer.hikari.HikariDataSource       : HikariPool-1 - Starting...
2021-09-18 23:41:25.791  INFO 15280 --- [main] com.zaxxer.hikari.HikariDataSource       : HikariPool-1 - Start completed.
2021-09-18 23:41:25.796  INFO 15280 --- [main] o.s.b.a.h2.H2ConsoleAutoConfiguration    : H2 console available at '/h2-console'. Database available at 'jdbc:h2:mem:mbsdb'
2021-09-18 23:41:25.938  INFO 15280 --- [main] o.hibernate.jpa.internal.util.LogHelper  : HHH000204: Processing PersistenceUnitInfo [name: default]
2021-09-18 23:41:25.982  INFO 15280 --- [main] org.hibernate.Version                    : HHH000412: Hibernate ORM core version 5.4.32.Final
2021-09-18 23:41:26.087  INFO 15280 --- [main] o.hibernate.annotations.common.Version   : HCANN000001: Hibernate Commons Annotations {5.1.2.Final}
2021-09-18 23:41:26.174  INFO 15280 --- [main] org.hibernate.dialect.Dialect            : HHH000400: Using dialect: org.hibernate.dialect.H2Dialect
2021-09-18 23:41:26.756  INFO 15280 --- [main] o.h.e.t.j.p.i.JtaPlatformInitiator       : HHH000490: Using JtaPlatform implementation: [org.hibernate.engine.transaction.jta.platform.internal.NoJtaPlatform]
2021-09-18 23:41:26.764  INFO 15280 --- [main] j.LocalContainerEntityManagerFactoryBean : Initialized JPA EntityManagerFactory for persistence unit 'default'
2021-09-18 23:41:26.801  WARN 15280 --- [main] JpaBaseConfiguration$JpaWebConfiguration : spring.jpa.open-in-view is enabled by default. Therefore, database queries may be performed during view rendering. Explicitly configure spring.jpa.open-in-view to disable this warning
2021-09-18 23:41:27.770  INFO 15280 --- [main] o.s.s.web.DefaultSecurityFilterChain     : Will secure any request with [org.springframework.security.web.context.request.async.WebAsyncManagerIntegrationFilter@1e258d3b, org.springframework.security.web.context.SecurityContextPersistenceFilter@38e46765, org.springframework.security.web.header.HeaderWriterFilter@336d28a1, org.springframework.web.filter.CorsFilter@2b6fcca1, org.springframework.security.web.authentication.logout.LogoutFilter@718f3088, org.springframework.security.web.savedrequest.RequestCacheAwareFilter@4cd5fc46, org.springframework.security.web.servletapi.SecurityContextHolderAwareRequestFilter@7c8df667, org.springframework.security.web.authentication.AnonymousAuthenticationFilter@39f93225, org.springframework.security.web.session.SessionManagementFilter@5891b7c5, org.springframework.security.web.access.ExceptionTranslationFilter@5f3ddc86]
2021-09-18 23:41:27.807  INFO 15280 --- [main] o.s.b.w.embedded.tomcat.TomcatWebServer  : Tomcat started on port(s): 8080 (http) with context path '/mbs/v1'
2021-09-18 23:41:27.816  INFO 15280 --- [main] c.s.m.MovieBookingSystemApplication      : Started MovieBookingSystemApplication in 3.978 seconds (JVM running for 4.337)
2021-09-18 23:41:28.070  INFO 15280 --- [main] c.s.m.MovieBookingSystemApplication      : Writing for info
2021-09-18 23:41:28.070  WARN 15280 --- [main] c.s.m.MovieBookingSystemApplication      : Writing for warn
2021-09-18 23:41:28.070 ERROR 15280 --- [main] c.s.m.MovieBookingSystemApplication      : Writing for error
2021-09-18 23:41:41.008  INFO 15280 --- [http-nio-8080-exec-1] o.a.c.c.C.[.[localhost].[/mbs/v1]        : Initializing Spring DispatcherServlet 'dispatcherServlet'
2021-09-18 23:41:41.008  INFO 15280 --- [http-nio-8080-exec-1] o.s.web.servlet.DispatcherServlet        : Initializing Servlet 'dispatcherServlet'
2021-09-18 23:41:41.009  INFO 15280 --- [http-nio-8080-exec-1] o.s.web.servlet.DispatcherServlet        : Completed initialization in 1 ms
